<?xml version="1.0" encoding="UTF-8"?>
<testsuite name="com.faqcodes.tasks.TasksApplicationTests" tests="1" skipped="0" failures="0" errors="0" timestamp="2023-04-20T15:15:55" hostname="Felipes-MacBook-Pro.local" time="0.734">
  <properties/>
  <testcase name="contextLoads()" classname="com.faqcodes.tasks.TasksApplicationTests" time="0.734"/>
  <system-out><![CDATA[11:15:55.249 [Test worker] DEBUG org.springframework.boot.test.context.SpringBootTestContextBootstrapper -- Neither @ContextConfiguration nor @ContextHierarchy found for test class [TasksApplicationTests]: using SpringBootContextLoader
11:15:55.255 [Test worker] DEBUG org.springframework.test.context.support.AbstractContextLoader -- Could not detect default resource locations for test class [com.faqcodes.tasks.TasksApplicationTests]: no resource found for suffixes {-context.xml, Context.groovy}.
11:15:55.278 [Test worker] DEBUG org.springframework.boot.test.context.SpringBootTestContextBootstrapper -- Using ContextCustomizers for test class [TasksApplicationTests]: [DisableObservabilityContextCustomizer, PropertyMappingContextCustomizer, Customizer, ExcludeFilterContextCustomizer, DuplicateJsonObjectContextCustomizer, MockitoContextCustomizer, TestRestTemplateContextCustomizer]
11:15:55.366 [Test worker] DEBUG org.springframework.boot.test.context.SpringBootTestContextBootstrapper -- Using TestExecutionListeners for test class [TasksApplicationTests]: [ServletTestExecutionListener, DirtiesContextBeforeModesTestExecutionListener, ApplicationEventsTestExecutionListener, MockitoTestExecutionListener, DependencyInjectionTestExecutionListener, DirtiesContextTestExecutionListener, TransactionalTestExecutionListener, SqlScriptsTestExecutionListener, WithSecurityContextTestExecutionListener, EventPublishingTestExecutionListener, ReactorContextTestExecutionListener, RestDocsTestExecutionListener, MockRestServiceServerResetTestExecutionListener, MockMvcPrintOnlyOnFailureTestExecutionListener, WebDriverTestExecutionListener, MockWebServiceServerTestExecutionListener, ResetMocksTestExecutionListener]
11:15:55.367 [Test worker] DEBUG org.springframework.test.context.support.AbstractDirtiesContextTestExecutionListener -- Before test class: class [TasksApplicationTests], class annotated with @DirtiesContext [false] with mode [null]

  .   ____          _            __ _ _
 /\\ / ___'_ __ _ _(_)_ __  __ _ \ \ \ \
( ( )\___ | '_ | '_| | '_ \/ _` | \ \ \ \
 \\/  ___)| |_)| | | | | || (_| |  ) ) ) )
  '  |____| .__|_| |_|_| |_\__, | / / / /
 =========|_|==============|___/=/_/_/_/
 :: Spring Boot ::       (v3.1.0-SNAPSHOT)

2023-04-20T11:15:55.617-04:00  INFO 25223 --- [    Test worker] c.faqcodes.tasks.TasksApplicationTests   : Starting TasksApplicationTests using Java 17.0.4.1 with PID 25223 (started by root in /Users/felipe.quiroz/development/challenges/challenge-ionix)
2023-04-20T11:15:55.619-04:00  INFO 25223 --- [    Test worker] c.faqcodes.tasks.TasksApplicationTests   : No active profile set, falling back to 1 default profile: "default"
2023-04-20T11:15:55.756-04:00  INFO 25223 --- [    Test worker] c.faqcodes.tasks.TasksApplicationTests   : Started TasksApplicationTests in 0.347 seconds (process running for 1.278)
]]></system-out>
  <system-err><![CDATA[]]></system-err>
</testsuite>
