<?xml version="1.0" encoding="UTF-8"?>
<testsuite name="com.faqcodes.tasks.TasksApplicationTests" tests="1" skipped="0" failures="0" errors="0" timestamp="2023-04-25T03:19:16" hostname="Felipes-MacBook-Pro.local" time="0.799">
  <properties/>
  <testcase name="contextLoads()" classname="com.faqcodes.tasks.TasksApplicationTests" time="0.799"/>
  <system-out><![CDATA[23:19:15.626 [Test worker] DEBUG org.springframework.boot.test.context.SpringBootTestContextBootstrapper -- Neither @ContextConfiguration nor @ContextHierarchy found for test class [TasksApplicationTests]: using SpringBootContextLoader
23:19:15.632 [Test worker] DEBUG org.springframework.test.context.support.AbstractContextLoader -- Could not detect default resource locations for test class [com.faqcodes.tasks.TasksApplicationTests]: no resource found for suffixes {-context.xml, Context.groovy}.
23:19:15.653 [Test worker] DEBUG org.springframework.boot.test.context.SpringBootTestContextBootstrapper -- Using ContextCustomizers for test class [TasksApplicationTests]: [DisableObservabilityContextCustomizer, PropertyMappingContextCustomizer, Customizer, ExcludeFilterContextCustomizer, DuplicateJsonObjectContextCustomizer, MockitoContextCustomizer, TestRestTemplateContextCustomizer]
23:19:15.749 [Test worker] DEBUG org.springframework.boot.test.context.SpringBootTestContextBootstrapper -- Using TestExecutionListeners for test class [TasksApplicationTests]: [ServletTestExecutionListener, DirtiesContextBeforeModesTestExecutionListener, ApplicationEventsTestExecutionListener, MockitoTestExecutionListener, DependencyInjectionTestExecutionListener, DirtiesContextTestExecutionListener, TransactionalTestExecutionListener, SqlScriptsTestExecutionListener, WithSecurityContextTestExecutionListener, EventPublishingTestExecutionListener, ReactorContextTestExecutionListener, RestDocsTestExecutionListener, MockRestServiceServerResetTestExecutionListener, MockMvcPrintOnlyOnFailureTestExecutionListener, WebDriverTestExecutionListener, MockWebServiceServerTestExecutionListener, ResetMocksTestExecutionListener]
23:19:15.750 [Test worker] DEBUG org.springframework.test.context.support.AbstractDirtiesContextTestExecutionListener -- Before test class: class [TasksApplicationTests], class annotated with @DirtiesContext [false] with mode [null]

  .   ____          _            __ _ _
 /\\ / ___'_ __ _ _(_)_ __  __ _ \ \ \ \
( ( )\___ | '_ | '_| | '_ \/ _` | \ \ \ \
 \\/  ___)| |_)| | | | | || (_| |  ) ) ) )
  '  |____| .__|_| |_|_| |_\__, | / / / /
 =========|_|==============|___/=/_/_/_/
 :: Spring Boot ::       (v3.1.0-SNAPSHOT)

2023-04-24T23:19:16.019-04:00  INFO 56835 --- [    Test worker] c.faqcodes.tasks.TasksApplicationTests   : Starting TasksApplicationTests using Java 17.0.4.1 with PID 56835 (started by felipe.quiroz in /Users/felipe.quiroz/development/challenges/challenge-ionix)
2023-04-24T23:19:16.020-04:00  INFO 56835 --- [    Test worker] c.faqcodes.tasks.TasksApplicationTests   : No active profile set, falling back to 1 default profile: "default"
2023-04-24T23:19:16.149-04:00  INFO 56835 --- [    Test worker] c.faqcodes.tasks.TasksApplicationTests   : Started TasksApplicationTests in 0.355 seconds (process running for 1.349)
]]></system-out>
  <system-err><![CDATA[]]></system-err>
</testsuite>
