<?xml version="1.0" encoding="UTF-8"?>
<testsuite name="com.faqcodes.tasks.TasksApplicationTests" tests="1" skipped="0" failures="0" errors="0" timestamp="2023-04-21T04:54:31" hostname="Felipes-MacBook-Pro.local" time="0.757">
  <properties/>
  <testcase name="contextLoads()" classname="com.faqcodes.tasks.TasksApplicationTests" time="0.757"/>
  <system-out><![CDATA[00:54:31.036 [Test worker] DEBUG org.springframework.boot.test.context.SpringBootTestContextBootstrapper -- Neither @ContextConfiguration nor @ContextHierarchy found for test class [TasksApplicationTests]: using SpringBootContextLoader
00:54:31.043 [Test worker] DEBUG org.springframework.test.context.support.AbstractContextLoader -- Could not detect default resource locations for test class [com.faqcodes.tasks.TasksApplicationTests]: no resource found for suffixes {-context.xml, Context.groovy}.
00:54:31.070 [Test worker] DEBUG org.springframework.boot.test.context.SpringBootTestContextBootstrapper -- Using ContextCustomizers for test class [TasksApplicationTests]: [DisableObservabilityContextCustomizer, PropertyMappingContextCustomizer, Customizer, ExcludeFilterContextCustomizer, DuplicateJsonObjectContextCustomizer, MockitoContextCustomizer, TestRestTemplateContextCustomizer]
00:54:31.166 [Test worker] DEBUG org.springframework.boot.test.context.SpringBootTestContextBootstrapper -- Using TestExecutionListeners for test class [TasksApplicationTests]: [ServletTestExecutionListener, DirtiesContextBeforeModesTestExecutionListener, ApplicationEventsTestExecutionListener, MockitoTestExecutionListener, DependencyInjectionTestExecutionListener, DirtiesContextTestExecutionListener, TransactionalTestExecutionListener, SqlScriptsTestExecutionListener, WithSecurityContextTestExecutionListener, EventPublishingTestExecutionListener, ReactorContextTestExecutionListener, RestDocsTestExecutionListener, MockRestServiceServerResetTestExecutionListener, MockMvcPrintOnlyOnFailureTestExecutionListener, WebDriverTestExecutionListener, MockWebServiceServerTestExecutionListener, ResetMocksTestExecutionListener]
00:54:31.167 [Test worker] DEBUG org.springframework.test.context.support.AbstractDirtiesContextTestExecutionListener -- Before test class: class [TasksApplicationTests], class annotated with @DirtiesContext [false] with mode [null]

  .   ____          _            __ _ _
 /\\ / ___'_ __ _ _(_)_ __  __ _ \ \ \ \
( ( )\___ | '_ | '_| | '_ \/ _` | \ \ \ \
 \\/  ___)| |_)| | | | | || (_| |  ) ) ) )
  '  |____| .__|_| |_|_| |_\__, | / / / /
 =========|_|==============|___/=/_/_/_/
 :: Spring Boot ::       (v3.1.0-SNAPSHOT)

2023-04-21T00:54:31.405-04:00  INFO 22602 --- [    Test worker] c.faqcodes.tasks.TasksApplicationTests   : Starting TasksApplicationTests using Java 17.0.4.1 with PID 22602 (started by root in /Users/felipe.quiroz/development/challenges/challenge-ionix)
2023-04-21T00:54:31.407-04:00  INFO 22602 --- [    Test worker] c.faqcodes.tasks.TasksApplicationTests   : No active profile set, falling back to 1 default profile: "default"
2023-04-21T00:54:31.507-04:00  INFO 22602 --- [    Test worker] c.faqcodes.tasks.TasksApplicationTests   : Started TasksApplicationTests in 0.292 seconds (process running for 1.373)
]]></system-out>
  <system-err><![CDATA[]]></system-err>
</testsuite>
